[debug] > Exec(early(addDefaultCommands), None, None)
[debug] > Exec(addDefaultCommands, None, None)
[debug] > Exec(early(initialize), None, None)
[debug] > Exec(initialize, None, None)
[debug] > Exec(early(addPluginSbtFile="""C:\Users\MaciejAdamczyk\AppData\Local\Temp\idea.sbt"""), None, None)
[debug] > Exec(addPluginSbtFile="""C:\Users\MaciejAdamczyk\AppData\Local\Temp\idea.sbt""", None, None)
[debug] > Exec(boot, None, None)
[debug] > Exec(writeSbtVersion, None, None)
[debug] > Exec(reload, None, None)
[debug] > Exec(sbtStashOnFailure, None, None)
[debug] > Exec(onFailure loadFailed, None, None)
[debug] > Exec(loadp, None, None)
[info] welcome to sbt 1.4.1 (Oracle Corporation Java 13.0.1)
[debug]       Load.loadUnit: plugins took 334.0523ms
[debug]       Load.loadUnit: defsScala took 0.4455ms
[debug] [Loading] Scanning directory C:\Users\MaciejAdamczyk\.sbt\1.0\plugins
[debug] [Loading] Found non-root projects 
[debug] [Loading] Done in C:\Users\MaciejAdamczyk\.sbt\1.0\plugins, returning: ()
[debug] deducing auto plugins based on known facts Set(Atom(sbt.plugins.CorePlugin)) and clauses Clauses(List(Clause(Atom(sbt.plugins.JvmPlugin),Set(Atom(sbt.plugins.IvyPlugin))), Clause(Atom(sbt.ScriptedPlugin),Set(Atom(sbt.plugins.JvmPlugin))), Clause(Atom(sbt.plugins.SbtPlugin),Set(Atom(sbt.ScriptedPlugin))), Clause(Atom(sbt.plugins.SemanticdbPlugin),Set(Atom(sbt.plugins.JvmPlugin))), Clause(Atom(sbt.plugins.JUnitXmlReportPlugin),Set(Atom(sbt.plugins.JvmPlugin))), Clause(Atom(sbt.plugins.MiniDependencyTreePlugin),Set(Atom(sbt.plugins.JvmPlugin))), Clause(Atom(sbt.plugins.CorePlugin),Set(Atom(sbt.plugins.IvyPlugin))), Clause(Atom(sbt.plugins.IvyPlugin),Set(Atom(sbt.plugins.JvmPlugin))), Clause(Atom(sbt.plugins.JvmPlugin),Set(Atom(sbt.plugins.SemanticdbPlugin))), Clause(Atom(sbt.plugins.JvmPlugin),Set(Atom(sbt.plugins.JUnitXmlReportPlugin))), Clause(Atom(sbt.plugins.CorePlugin),Set(Atom(sbt.plugins.Giter8TemplatePlugin))), Clause(Atom(sbt.plugins.JvmPlugin),Set(Atom(sbt.plugins.MiniDependencyTreePlugin)))))
[debug]   :: deduced result: Matched(sbt.plugins.CorePlugin,sbt.plugins.Giter8TemplatePlugin,sbt.plugins.IvyPlugin,sbt.plugins.JvmPlugin,sbt.plugins.MiniDependencyTreePlugin,sbt.plugins.JUnitXmlReportPlugin,sbt.plugins.SemanticdbPlugin)
[debug] Plugins.deducer#function took 30.1667 ms
[debug]           Load.resolveProject(global-plugins) took 73.2809ms
[debug]         Load.loadTransitive: finalizeProject(Project(id global-plugins, base: C:\Users\MaciejAdamczyk\.sbt\1.0\plugins, plugins: List(<none>))) took 134.7376ms
[debug] [Loading] Done in C:\Users\MaciejAdamczyk\.sbt\1.0\plugins, returning: (global-plugins)
[debug]       Load.loadUnit: loadedProjectsRaw took 170.9237ms
[debug]       Load.loadUnit: cleanEvalClasses took 0.4265ms
[debug]     Load.loadUnit(file:/C:/Users/MaciejAdamczyk/.sbt/1.0/plugins/, ...) took 520.6336ms
[debug]   Load.apply: load took 952.705ms
[debug]   Load.apply: resolveProjects took 9.5614ms
[debug]   Load.apply: finalTransforms took 91.0759ms
[debug]   Load.apply: config.delegates took 10.4247ms
[debug]   Load.apply: Def.make(settings)... took 2500.8346ms
[debug]   Load.apply: structureIndex took 200.3796ms
[debug]   Load.apply: mkStreams took 6.7832ms
[info] loading global plugins from C:\Users\MaciejAdamczyk\.sbt\1.0\plugins
[debug] Running task... Cancel: Signal, check cycles: false, forcegc: true
[debug] Load.defaultLoad until apply took 7230.5474ms
[debug]           Load.loadUnit: plugins took 61.4945ms
[debug]           Load.loadUnit: defsScala took 0.0034ms
[debug] [Loading] Scanning directory D:\PJATK_Informatyka2\magisterkie\2 semestr\NBD\Repo\pd2\project
[debug]             Load.loadUnit: mkEval took 10.4188ms
[debug] [Loading] Found non-root projects 
[debug] [Loading] Done in D:\PJATK_Informatyka2\magisterkie\2 semestr\NBD\Repo\pd2\project, returning: ()
[debug] deducing auto plugins based on known facts Set(Atom(sbt.plugins.CorePlugin)) and clauses Clauses(List(Clause(Atom(sbt.plugins.JvmPlugin),Set(Atom(sbt.plugins.IvyPlugin))), Clause(Atom(sbt.ScriptedPlugin),Set(Atom(sbt.plugins.JvmPlugin))), Clause(Atom(sbt.plugins.SbtPlugin),Set(Atom(sbt.ScriptedPlugin))), Clause(Atom(sbt.plugins.SemanticdbPlugin),Set(Atom(sbt.plugins.JvmPlugin))), Clause(Atom(sbt.plugins.JUnitXmlReportPlugin),Set(Atom(sbt.plugins.JvmPlugin))), Clause(Atom(sbt.plugins.MiniDependencyTreePlugin),Set(Atom(sbt.plugins.JvmPlugin))), Clause(Atom(sbt.plugins.CorePlugin),Set(Atom(sbt.plugins.IvyPlugin))), Clause(Atom(sbt.plugins.IvyPlugin),Set(Atom(sbt.plugins.JvmPlugin))), Clause(Atom(sbt.plugins.JvmPlugin),Set(Atom(sbt.plugins.SemanticdbPlugin))), Clause(Atom(sbt.plugins.JvmPlugin),Set(Atom(sbt.plugins.JUnitXmlReportPlugin))), Clause(Atom(sbt.plugins.CorePlugin),Set(Atom(sbt.plugins.Giter8TemplatePlugin))), Clause(Atom(sbt.plugins.JvmPlugin),Set(Atom(sbt.plugins.MiniDependencyTreePlugin)))))
[debug]   :: deduced result: Matched(sbt.plugins.CorePlugin,sbt.plugins.Giter8TemplatePlugin,sbt.plugins.IvyPlugin,sbt.plugins.JvmPlugin,sbt.plugins.MiniDependencyTreePlugin,sbt.plugins.JUnitXmlReportPlugin,sbt.plugins.SemanticdbPlugin)
[debug] Plugins.deducer#function took 2.993 ms
[info] loading settings for project pd2-build from idea.sbt ...
[debug]               Load.resolveProject(pd2-build) took 16.8554ms
[debug]             Load.loadTransitive: finalizeProject(Project(id pd2-build, base: D:\PJATK_Informatyka2\magisterkie\2 semestr\NBD\Repo\pd2\project, plugins: List(<none>))) took 20.6691ms
[debug] [Loading] Done in D:\PJATK_Informatyka2\magisterkie\2 semestr\NBD\Repo\pd2\project, returning: (pd2-build)
[debug]           Load.loadUnit: loadedProjectsRaw took 4160.6841ms
[debug]           Load.loadUnit: cleanEvalClasses took 14.5691ms
[debug]         Load.loadUnit(file:/D:/PJATK_Informatyka2/magisterkie/2%20semestr/NBD/Repo/pd2/project/, ...) took 4238.2732ms
[debug]       Load.apply: load took 4240.8859ms
[debug]       Load.apply: resolveProjects took 0.1794ms
[debug]       Load.apply: finalTransforms took 17.4049ms
[debug]       Load.apply: config.delegates took 0.5274ms
[debug]       Load.apply: Def.make(settings)... took 300.4907ms
[debug]       Load.apply: structureIndex took 102.2527ms
[debug]       Load.apply: mkStreams took 0.0035ms
[info] loading project definition from D:\PJATK_Informatyka2\magisterkie\2 semestr\NBD\Repo\pd2\project
[debug] Running task... Cancel: Signal, check cycles: false, forcegc: true
[debug]     Load.loadUnit: plugins took 10177.3115ms
[debug]     Load.loadUnit: defsScala took 0.0029ms
[debug] [Loading] Scanning directory D:\PJATK_Informatyka2\magisterkie\2 semestr\NBD\Repo\pd2
[debug]       Load.loadUnit: mkEval took 0.264ms
[debug] [Loading] Found non-root projects 
[debug] [Loading] Done in D:\PJATK_Informatyka2\magisterkie\2 semestr\NBD\Repo\pd2, returning: ()
[debug] deducing auto plugins based on known facts Set(Atom(sbt.plugins.CorePlugin)) and clauses Clauses(List(Clause(Atom(sbt.plugins.JvmPlugin),Set(Atom(sbt.plugins.IvyPlugin))), Clause(Atom(sbt.ScriptedPlugin),Set(Atom(sbt.plugins.JvmPlugin))), Clause(Atom(sbt.plugins.SbtPlugin),Set(Atom(sbt.ScriptedPlugin))), Clause(Atom(sbt.plugins.SemanticdbPlugin),Set(Atom(sbt.plugins.JvmPlugin))), Clause(Atom(sbt.plugins.JUnitXmlReportPlugin),Set(Atom(sbt.plugins.JvmPlugin))), Clause(Atom(sbt.plugins.MiniDependencyTreePlugin),Set(Atom(sbt.plugins.JvmPlugin))), Clause(Atom(org.jetbrains.sbt.StructurePlugin),Set(Atom(sbt.plugins.JvmPlugin))), Clause(Atom(org.jetbrains.sbt.IdeaShellPlugin),Set(Atom(sbt.plugins.JvmPlugin))), Clause(Atom(org.jetbrains.sbt.indices.SbtIntellijIndicesPlugin),Set(Atom(sbt.plugins.JvmPlugin))), Clause(Atom(sbt.plugins.CorePlugin),Set(Atom(sbt.plugins.IvyPlugin))), Clause(Atom(sbt.plugins.IvyPlugin),Set(Atom(sbt.plugins.JvmPlugin))), Clause(Atom(sbt.plugins.JvmPlugin),Set(Atom(sbt.plugins.SemanticdbPlugin))), Clause(Atom(sbt.plugins.JvmPlugin),Set(Atom(sbt.plugins.JUnitXmlReportPlugin))), Clause(Atom(sbt.plugins.CorePlugin),Set(Atom(sbt.plugins.Giter8TemplatePlugin))), Clause(Atom(sbt.plugins.JvmPlugin),Set(Atom(sbt.plugins.MiniDependencyTreePlugin))), Clause(Atom(sbt.plugins.JvmPlugin),Set(Atom(org.jetbrains.sbt.StructurePlugin))), Clause(Atom(sbt.plugins.JvmPlugin),Set(Atom(org.jetbrains.sbt.IdeaShellPlugin))), Clause(And(Set(Atom(sbt.plugins.CorePlugin), Atom(sbt.plugins.JvmPlugin))),Set(Atom(org.jetbrains.sbt.indices.SbtIntellijIndicesPlugin)))))
[debug]   :: deduced result: Matched(sbt.plugins.CorePlugin,sbt.plugins.Giter8TemplatePlugin,sbt.plugins.IvyPlugin,sbt.plugins.JvmPlugin,sbt.plugins.SemanticdbPlugin,org.jetbrains.sbt.indices.SbtIntellijIndicesPlugin,sbt.plugins.JUnitXmlReportPlugin,org.jetbrains.sbt.IdeaShellPlugin,org.jetbrains.sbt.StructurePlugin,sbt.plugins.MiniDependencyTreePlugin)
[debug] Plugins.deducer#function took 2.9948 ms
[info] loading settings for project pd2 from build.sbt ...
[debug]         Load.resolveProject(pd2) took 48.1591ms
[debug]       Load.loadTransitive: finalizeProject(Project(id pd2, base: D:\PJATK_Informatyka2\magisterkie\2 semestr\NBD\Repo\pd2, plugins: List(<none>))) took 54.4492ms
[debug] [Loading] Done in D:\PJATK_Informatyka2\magisterkie\2 semestr\NBD\Repo\pd2, returning: (pd2)
[debug]     Load.loadUnit: loadedProjectsRaw took 2041.7985ms
[debug]     Load.loadUnit: cleanEvalClasses took 47.8863ms
[debug]   Load.loadUnit(file:/D:/PJATK_Informatyka2/magisterkie/2%20semestr/NBD/Repo/pd2/, ...) took 12268.2912ms
[debug] Load.apply: load took 12271.0865ms
[debug] Load.apply: resolveProjects took 0.1751ms
[debug] Load.apply: finalTransforms took 39.1596ms
[debug] Load.apply: config.delegates took 0.5646ms
[debug] Load.apply: Def.make(settings)... took 303.0211ms
[debug] Load.apply: structureIndex took 58.1685ms
[debug] Load.apply: mkStreams took 0.0031ms
[info] set current project to pd2 (in build file:/D:/PJATK_Informatyka2/magisterkie/2%20semestr/NBD/Repo/pd2/)
[debug] > Exec(sbtPopOnFailure, None, None)
[debug] > Exec(resumeFromFailure, None, None)
[debug] > Exec(notifyUsersAboutShell, None, None)
[debug] > Exec(iflast shell, None, None)
[debug] > Exec(; set ideaPort in Global := 61365 ; idea-shell, None, None)
[debug] > Exec(set ideaPort in Global := 61365, None, None)
[info] Defining Global / ideaPort
[info] The new value will be used by Compile / compile, Test / compile
[debug] Defining 
[debug] 	Global / ideaPort
[debug] 
[debug] The new value will be used by 
[debug] 	Compile / compile
[debug] 	Test / compile
[info] Reapplying settings...
[info] set current project to pd2 (in build file:/D:/PJATK_Informatyka2/magisterkie/2%20semestr/NBD/Repo/pd2/)
[debug] > Exec(idea-shell, None, None)
